[run] HW-FAITHFUL sensing (ESP32 depth-chain emulation + zeroed lateral velocity)
[run] epsilon-plant actuation: 1
[run] mode=full hw_faithful=1 started (attempt 1) — watch http://epsilon:8765
t=   0.01s  StabilizeTask|STABILIZING (2.6/3.0s)
t=   2.21s  GateTask|GateTask[1]:DiveToDepth(1.6m)
t=   2.64s  GateTask|GateTask[2]:AcquireTarget(gate 0s)
t=   2.71s  GateTask|GateTask[4]:Stabilize
t=   3.69s  GateTask|GateTask[5]:CenterOnGateHalf(right ok:0)
t=  38.34s  GateTask|GateTask[6]:Stabilize
t=  39.84s  GateTask|GateTask[7]:CenterOnGateHalf(right ok:0)
t=  43.58s  GateTask|GateTask[8]:StyleRollSubtask(-0/360 pump)
t=  45.18s  GateTask|GateTask[8]:StyleRollSubtask(+38/360 carry)
t=  46.46s  GateTask|GateTask[8]:StyleRollSubtask(-67/360 pump)
t=  46.71s  GateTask|GateTask[8]:StyleRollSubtask(-48/360 carry)
t=  47.99s  GateTask|GateTask[8]:StyleRollSubtask(+69/360 pump)
t=  48.24s  GateTask|GateTask[8]:StyleRollSubtask(+48/360 carry)
t=  49.53s  GateTask|GateTask[8]:StyleRollSubtask(-66/360 pump)
t=  49.79s  GateTask|GateTask[8]:StyleRollSubtask(-43/360 carry)
t=  51.08s  GateTask|GateTask[8]:StyleRollSubtask(+69/360 pump)
t=  51.33s  GateTask|GateTask[8]:StyleRollSubtask(+51/360 carry)
t=  52.68s  GateTask|GateTask[8]:StyleRollSubtask(-67/360 pump)
t=  52.93s  GateTask|GateTask[8]:StyleRollSubtask(-44/360 carry)
t=  54.21s  GateTask|GateTask[8]:StyleRollSubtask(+68/360 pump)
t=  54.46s  GateTask|GateTask[8]:StyleRollSubtask(+47/360 carry)
t=  55.78s  GateTask|GateTask[8]:StyleRollSubtask(-67/360 pump)
t=  56.04s  GateTask|GateTask[8]:StyleRollSubtask(-45/360 carry)
t=  57.31s  GateTask|GateTask[8]:StyleRollSubtask(+68/360 pump)
t=  57.58s  GateTask|GateTask[8]:StyleRollSubtask(+50/360 carry)
t=  58.84s  GateTask|GateTask[8]:StyleRollSubtask(-65/360 pump)
t=  59.11s  GateTask|GateTask[8]:StyleRollSubtask(-46/360 carry)
t=  60.44s  GateTask|GateTask[8]:StyleRollSubtask(+67/360 pump)
t=  60.71s  GateTask|GateTask[8]:StyleRollSubtask(+44/360 carry)
t=  61.98s  GateTask|GateTask[8]:StyleRollSubtask(-69/360 pump)
t=  62.24s  GateTask|GateTask[8]:StyleRollSubtask(-48/360 carry)
t=  63.51s  GateTask|GateTask[8]:StyleRollSubtask(+67/360 pump)
t=  63.78s  GateTask|GateTask[8]:StyleRollSubtask(+48/360 carry)
t=  65.11s  GateTask|GateTask[8]:StyleRollSubtask(-69/360 pump)
t=  65.38s  GateTask|GateTask[8]:StyleRollSubtask(-47/360 carry)
t=  66.64s  GateTask|GateTask[8]:StyleRollSubtask(+66/360 pump)
t=  66.91s  GateTask|GateTask[8]:StyleRollSubtask(+45/360 carry)
t=  68.19s  GateTask|GateTask[8]:StyleRollSubtask(-69/360 pump)
t=  68.44s  GateTask|GateTask[8]:StyleRollSubtask(-48/360 carry)
t=  69.71s  GateTask|GateTask[8]:StyleRollSubtask(+68/360 pump)
t=  69.98s  GateTask|GateTask[8]:StyleRollSubtask(+48/360 carry)
t=  71.33s  GateTask|GateTask[8]:StyleRollSubtask(-67/360 pump)
t=  71.58s  GateTask|GateTask[8]:StyleRollSubtask(-45/360 carry)
t=  72.86s  GateTask|GateTask[8]:StyleRollSubtask(+67/360 pump)
t=  73.11s  GateTask|GateTask[8]:StyleRollSubtask(+47/360 carry)
t=  74.39s  GateTask|GateTask[8]:StyleRollSubtask(-69/360 pump)
t=  74.64s  GateTask|GateTask[8]:StyleRollSubtask(-50/360 carry)
t=  75.99s  GateTask|GateTask[8]:StyleRollSubtask(+66/360 pump)
t=  76.24s  GateTask|GateTask[8]:StyleRollSubtask(+44/360 carry)
t=  77.53s  GateTask|GateTask[8]:StyleRollSubtask(-69/360 pump)
t=  77.78s  GateTask|GateTask[8]:StyleRollSubtask(-48/360 carry)
t=  79.06s  GateTask|GateTask[8]:StyleRollSubtask(+67/360 pump)
t=  79.31s  GateTask|GateTask[8]:StyleRollSubtask(+51/360 carry)
t=  80.64s  GateTask|GateTask[8]:StyleRollSubtask(-59/360 pump)
t=  80.91s  GateTask|GateTask[8]:StyleRollSubtask(-40/360 carry)
t=  82.19s  GateTask|GateTask[8]:StyleRollSubtask(+65/360 pump)
t=  82.51s  GateTask|GateTask[8]:StyleRollSubtask(+38/360 carry)
t=  83.79s  GateTask|GateTask[8]:StyleRollSubtask(-60/360 pump)
t=  84.04s  GateTask|GateTask[8]:StyleRollSubtask(-41/360 carry)
t=  85.39s  GateTask|GateTask[8]:StyleRollSubtask(+75/360 pump)
t=  85.64s  GateTask|GateTask[8]:StyleRollSubtask(+54/360 carry)
t=  86.93s  GateTask|GateTask[8]:StyleRollSubtask(-61/360 pump)
t=  87.18s  GateTask|GateTask[8]:StyleRollSubtask(-42/360 carry)
t=  88.53s  GateTask|GateTask[8]:StyleRollSubtask(+75/360 pump)
t=  88.58s  GateTask|GateTask[9]:Stabilize T!1
t=  90.26s  GateTask|GateTask[11]:CenterOnGateHalf(right ok:0) T!1
t= 130.24s  GateTask|GateTask[12]:StyleRollSubtask(-0/360 pump) T!2
t= 131.83s  GateTask|GateTask[12]:StyleRollSubtask(+27/360 carry) T!2
t= 133.04s  GateTask|GateTask[12]:StyleRollSubtask(-69/360 pump) T!2
t= 133.29s  GateTask|GateTask[12]:StyleRollSubtask(-48/360 carry) T!2
t= 134.58s  GateTask|GateTask[12]:StyleRollSubtask(+66/360 pump) T!2
t= 134.83s  GateTask|GateTask[12]:StyleRollSubtask(+45/360 carry) T!2
t= 136.14s  GateTask|GateTask[12]:StyleRollSubtask(-70/360 pump) T!2
t= 136.39s  GateTask|GateTask[12]:StyleRollSubtask(-51/360 carry) T!2
t= 137.68s  GateTask|GateTask[12]:StyleRollSubtask(+65/360 pump) T!2
t= 137.93s  GateTask|GateTask[12]:StyleRollSubtask(+47/360 carry) T!2
t= 139.28s  GateTask|GateTask[12]:StyleRollSubtask(-71/360 pump) T!2
t= 139.54s  GateTask|GateTask[12]:StyleRollSubtask(-48/360 carry) T!2
t= 140.83s  GateTask|GateTask[12]:StyleRollSubtask(+64/360 pump) T!2
t= 141.08s  GateTask|GateTask[12]:StyleRollSubtask(+43/360 carry) T!2
t= 142.36s  GateTask|GateTask[12]:StyleRollSubtask(-72/360 pump) T!2
t= 142.63s  GateTask|GateTask[12]:StyleRollSubtask(-50/360 carry) T!2
t= 143.96s  GateTask|GateTask[12]:StyleRollSubtask(+60/360 pump) T!2
t= 144.21s  GateTask|GateTask[12]:StyleRollSubtask(+38/360 carry) T!2
t= 145.49s  GateTask|GateTask[12]:StyleRollSubtask(-74/360 pump) T!2
t= 145.74s  GateTask|GateTask[12]:StyleRollSubtask(-52/360 carry) T!2
t= 147.03s  GateTask|GateTask[12]:StyleRollSubtask(+62/360 pump) T!2
t= 147.29s  GateTask|GateTask[12]:StyleRollSubtask(+40/360 carry) T!2
t= 148.56s  GateTask|GateTask[12]:StyleRollSubtask(-74/360 pump) T!2
t= 148.83s  GateTask|GateTask[12]:StyleRollSubtask(-53/360 carry) T!2
t= 150.14s  GateTask|GateTask[12]:StyleRollSubtask(+62/360 pump) T!2
t= 150.46s  GateTask|GateTask[12]:StyleRollSubtask(+35/360 carry) T!2
t= 151.69s  GateTask|GateTask[12]:StyleRollSubtask(-66/360 pump) T!2
t= 152.01s  GateTask|GateTask[12]:StyleRollSubtask(-41/360 carry) T!2
t= 153.29s  GateTask|GateTask[12]:StyleRollSubtask(+62/360 pump) T!2
t= 153.54s  GateTask|GateTask[12]:StyleRollSubtask(+44/360 carry) T!2
t= 154.89s  GateTask|GateTask[12]:StyleRollSubtask(-73/360 pump) T!2
t= 155.14s  GateTask|GateTask[12]:StyleRollSubtask(-53/360 carry) T!2
t= 156.43s  GateTask|GateTask[12]:StyleRollSubtask(+63/360 pump) T!2
t= 156.68s  GateTask|GateTask[12]:StyleRollSubtask(+42/360 carry) T!2
t= 157.96s  GateTask|GateTask[12]:StyleRollSubtask(-63/360 pump) T!2
t= 158.21s  GateTask|GateTask[12]:StyleRollSubtask(-43/360 carry) T!2
t= 159.49s  GateTask|GateTask[12]:StyleRollSubtask(+73/360 pump) T!2
t= 159.76s  GateTask|GateTask[12]:StyleRollSubtask(+50/360 carry) T!2
t= 161.03s  GateTask|GateTask[12]:StyleRollSubtask(-56/360 pump) T!2
t= 161.28s  GateTask|GateTask[12]:StyleRollSubtask(-36/360 carry) T!2
t= 162.56s  GateTask|GateTask[12]:StyleRollSubtask(+80/360 pump) T!2
t= 162.83s  GateTask|GateTask[12]:StyleRollSubtask(+58/360 carry) T!2
t= 164.09s  GateTask|GateTask[12]:StyleRollSubtask(-55/360 pump) T!2
t= 164.34s  GateTask|GateTask[12]:StyleRollSubtask(-37/360 carry) T!2
t= 165.63s  GateTask|GateTask[12]:StyleRollSubtask(+79/360 pump) T!2
t= 165.89s  GateTask|GateTask[12]:StyleRollSubtask(+58/360 carry) T!2
t= 167.16s  GateTask|GateTask[12]:StyleRollSubtask(-53/360 pump) T!2
t= 167.41s  GateTask|GateTask[12]:StyleRollSubtask(-36/360 carry) T!2
t= 168.76s  GateTask|GateTask[12]:StyleRollSubtask(+82/360 pump) T!2
t= 169.03s  GateTask|GateTask[12]:StyleRollSubtask(+60/360 carry) T!2
t= 170.29s  GateTask|GateTask[12]:StyleRollSubtask(-53/360 pump) T!2
t= 170.56s  GateTask|GateTask[12]:StyleRollSubtask(-32/360 carry) T!2
t= 171.83s  GateTask|GateTask[12]:StyleRollSubtask(+83/360 pump) T!2
t= 172.13s  GateTask|GateTask[12]:StyleRollSubtask(+59/360 carry) T!2
t= 173.38s  GateTask|GateTask[12]:StyleRollSubtask(-43/360 pump) T!2
t= 173.63s  GateTask|GateTask[12]:StyleRollSubtask(-24/360 carry) T!2
t= 174.96s  GateTask|GateTask[12]:StyleRollSubtask(+93/360 pump) T!2
t= 175.24s  GateTask|GateTask[13]:Stabilize T!3
t= 176.74s  GateTask|GateTask[15]:CenterOnGateHalf(right ok:0) T!3
t= 216.73s  GateTask|GateTask[16]:Stabilize T!4
t= 218.21s  GateTask|GateTask[17]:DriveThroughGate(right entry) T!4
t= 222.21s  GateTask|GateTask[17]:DriveThroughGate(right clear) T!4
t= 226.23s  StabilizeTask|STABILIZING (0.0/3.0s)
t= 229.21s  SweepForSlalomTask|SWEEPING (seen 0/8)
