[run] mode=full hw_faithful=0 started (attempt 1) — watch http://epsilon:8765
t=   0.00s  StabilizeTask|STABILIZING (2.6/3.0s)
t=   3.32s  GateTask|GateTask[1]:DiveToDepth(1.6m)
t=   4.14s  GateTask|GateTask[2]:AcquireTarget(gate 0s)
t=   4.20s  GateTask|GateTask[3]:TurnToHeading(1 deg)
t=   4.27s  GateTask|GateTask[4]:Stabilize
t=   6.85s  GateTask|GateTask[5]:CenterOnGateHalf(right ok:0)
t=  46.85s  GateTask|GateTask[6]:Stabilize T!1
t=  48.34s  GateTask|GateTask[7]:CenterOnGateHalf(right ok:0) T!1
t=  88.34s  GateTask|GateTask[8]:StyleRollSubtask(-0/360 pump) T!2
t= 133.32s  GateTask|GateTask[9]:Stabilize T!3
t= 134.89s  GateTask|GateTask[11]:CenterOnGateHalf(right ok:0) T!3
t= 174.87s  GateTask|GateTask[12]:StyleRollSubtask(+0/360 pump) T!4
---
task sequence: StabilizeTask -> GateTask
RESULT: wall-clock timeout
./run_course.sh: line 97:  5164 Killed                  ros2 run robosub sim_gui_node $SIM_ARGS > /tmp/run_sim.log 2>&1
./run_course.sh: line 97:  5165 Killed                  PYTHONUNBUFFERED=1 ros2 run robosub submarine_node > /tmp/run_sub.log 2>&1
=== submarine log tail ===
INFO: task StabilizeTask completed
INFO: course reference locked at 1.0 deg
INFO: DiveToDepth -> 1.55 m
WARN: CenterOnGateHalf TIMEOUT after 40s — completing (safety valve)
WARN: CenterOnGateHalf TIMEOUT after 40s — completing (safety valve)
INFO: StyleRoll 360 deg at 1.55 m, axis 1.0 (pump mode)
WARN: StyleRollSubtask TIMEOUT after 45s — completing (safety valve)
WARN: CenterOnGateHalf TIMEOUT after 40s — completing (safety valve)
INFO: StyleRoll 360 deg at 1.55 m, axis 1.0 (pump mode)
WARN: StyleRollSubtask TIMEOUT after 45s — completing (safety valve)
WARN: Stabilize TIMEOUT after 22s — completing (safety valve)
WARN: CenterOnGateHalf TIMEOUT after 40s — completing (safety valve)
WARN: Stabilize TIMEOUT after 22s — completing (safety valve)
WARN: DriveThroughGate never saw the gate — clearing blind
INFO: task GateTask completed
=== judge ===
=== RUN: 0.0s .. 610.1s (35465 samples) ===

--- STATE TIMELINE (dur > 0.5s; * = >60s HANG-SUSPECT) ---
    0.0s +   7.4s  WAITING                  Press Start to begin
    7.4s +   5.9s  StabilizeTask            STABILIZING (#/#s)
   13.4s +   0.7s  GateTask                 GateTask[#]:DiveToDepth(#m)
   14.3s +   2.6s  GateTask                 GateTask[#]:Stabilize
   16.9s +  39.9s  GateTask                 GateTask[#]:CenterOnGateHalf(right ok:#)
   56.8s +   1.5s  GateTask                 GateTask[#]:Stabilize T!
   58.4s +  39.9s  GateTask                 GateTask[#]:CenterOnGateHalf(right ok:#) T!
   98.3s +  45.0s  GateTask                 GateTask[#]:StyleRollSubtask(#/# pump) T!
  143.3s +   1.6s  GateTask                 GateTask[#]:Stabilize T!
  144.9s +  40.0s  GateTask                 GateTask[#]:CenterOnGateHalf(right ok:#) T!
  184.9s + 425.2s  GateTask                 GateTask[#]:StyleRollSubtask(#/# pump) T! *

--- GATE (x=10.0, center_y=7.5, half-centers y=6.75/8.25, opening z>0.2) ---
  199.8s OUT  y=6.50 (off-center -1.00 m; right(y<c), off-half-center -0.25 m)  z=1.55 during GateTask

--- STYLE ROLL ---
span    98.3s..  610.1s (511.8s)  net roll +18 deg (peak excursion 51)
pre-roll pose x=6.29 y=6.72 z=1.55 hdg=1.9
max drift during roll: dx=13.70 dy=4.13 dz=1.55 m, max heading dev 180.0 deg
at roll end: dx=+13.70 dy=-3.92 dz=-1.55 hdg dev -76.4 roll=+19.9
never reached drive-through after the roll

--- SLALOM GATELETS ---
  357.7s OUT  x= 18.0 y=3.53 right(y<red) OUTSIDE-GAP off-gap-mid -1.17 m, nearest pole 0.41 m (GateTask)

--- DEPTH BY TASK (target 1.5, gate legs 1.55) ---
WAITING                  z mean 0.01  min 0.00  max 0.10
StabilizeTask            z mean 0.91  min 0.00  max 1.61
GateTask                 z mean 0.59  min 0.00  max 1.68

--- END: t=610.1s task=GateTask state=GateTask[12]:StyleRollSubtask(-7/360 pump) T!4
    pose x=19.99 y=2.80 z=0.00 hdg=285.5 roll=19.9
