[run] HW-FAITHFUL sensing (ESP32 depth-chain emulation + zeroed lateral velocity)
[run] epsilon-plant actuation: 1
[run] mode=full hw_faithful=1 started (attempt 1) — watch http://epsilon:8765
t=   0.46s  StabilizeTask|STABILIZING (2.9/3.0s)
t=   2.18s  GateTask|GateTask[1]:DiveToDepth(1.6m)
t=   3.05s  GateTask|GateTask[2]:AcquireTarget(gate 0s)
t=   3.12s  GateTask|GateTask[4]:Stabilize
---
task sequence: StabilizeTask -> GateTask
RESULT: wall-clock timeout
./run_course.sh: line 97: 10342 Killed                  ros2 run robosub sim_gui_node $SIM_ARGS > /tmp/run_sim.log 2>&1
./run_course.sh: line 97: 10343 Killed                  PYTHONUNBUFFERED=1 ros2 run robosub submarine_node > /tmp/run_sub.log 2>&1
=== submarine log tail ===
WARN: Stabilize TIMEOUT after 21s — completing (safety valve)
WARN: CenterOnGateHalf TIMEOUT after 40s — completing (safety valve)
WARN: Stabilize TIMEOUT after 22s — completing (safety valve)
WARN: CenterOnGateHalf TIMEOUT after 40s — completing (safety valve)
INFO: StyleRoll 360 deg at 1.55 m, axis 358.0 (pump mode)
WARN: StyleRollSubtask TIMEOUT after 45s — completing (safety valve)
WARN: Stabilize TIMEOUT after 22s — completing (safety valve)
WARN: CenterOnGateHalf TIMEOUT after 40s — completing (safety valve)
INFO: StyleRoll 360 deg at 1.55 m, axis 358.0 (pump mode)
WARN: StyleRollSubtask TIMEOUT after 45s — completing (safety valve)
WARN: Stabilize TIMEOUT after 22s — completing (safety valve)
WARN: CenterOnGateHalf TIMEOUT after 40s — completing (safety valve)
WARN: Stabilize TIMEOUT after 22s — completing (safety valve)
WARN: DriveThroughGate TIMEOUT after 45s — completing (safety valve)
INFO: task GateTask completed
=== judge ===
=== RUN: 0.0s .. 611.7s (35797 samples) ===

--- STATE TIMELINE (dur > 0.5s; * = >60s HANG-SUSPECT) ---
    0.0s +   9.0s  WAITING                  Press Start to begin
    9.0s +   4.7s  StabilizeTask            STABILIZING (#/#s)
   13.8s +   0.9s  GateTask                 GateTask[#]:DiveToDepth(#m)
   14.7s + 597.0s  GateTask                 GateTask[#]:Stabilize *

--- GATE (x=10.0, center_y=7.5, half-centers y=6.75/8.25, opening z>0.2) ---

--- SLALOM GATELETS ---

--- DEPTH BY TASK (target 1.5, gate legs 1.55) ---
WAITING                  z mean 0.01  min 0.00  max 0.10
StabilizeTask            z mean 0.97  min 0.01  max 1.58
GateTask                 z mean 0.02  min 0.00  max 1.68

--- END: t=611.7s task=GateTask state=GateTask[4]:Stabilize
    pose x=6.19 y=7.69 z=0.00 hdg=92.9 roll=-0.1
